<?xml version="1.0" encoding="UTF-8"?>
<testsuite xmlns:xsi="http://www.w3.org/2001/XMLSchema-instance" xsi:noNamespaceSchemaLocation="https://maven.apache.org/surefire/maven-surefire-plugin/xsd/surefire-test-report.xsd" name="com.nik.AppTest" time="0.031" tests="1" errors="0" skipped="0" failures="0">
  <properties>
    <property name="sun.desktop" value="windows"/>
    <property name="awt.toolkit" value="sun.awt.windows.WToolkit"/>
    <property name="file.encoding.pkg" value="sun.io"/>
    <property name="java.specification.version" value="1.8"/>
    <property name="sun.cpu.isalist" value="amd64"/>
    <property name="sun.jnu.encoding" value="Cp1252"/>
    <property name="java.class.path" value="C:\Niket\learning\git_checkout\Hibernate_tutorial\MavenHibernate\target\test-classes;C:\Niket\learning\git_checkout\Hibernate_tutorial\MavenHibernate\target\classes;C:\Users\niket.kumar\.m2\repository\org\hibernate\hibernate-core\4.3.6.Final\hibernate-core-4.3.6.Final.jar;C:\Users\niket.kumar\.m2\repository\org\jboss\logging\jboss-logging\3.1.3.GA\jboss-logging-3.1.3.GA.jar;C:\Users\niket.kumar\.m2\repository\org\jboss\logging\jboss-logging-annotations\1.2.0.Beta1\jboss-logging-annotations-1.2.0.Beta1.jar;C:\Users\niket.kumar\.m2\repository\org\jboss\spec\javax\transaction\jboss-transaction-api_1.2_spec\1.0.0.Final\jboss-transaction-api_1.2_spec-1.0.0.Final.jar;C:\Users\niket.kumar\.m2\repository\dom4j\dom4j\1.6.1\dom4j-1.6.1.jar;C:\Users\niket.kumar\.m2\repository\xml-apis\xml-apis\1.0.b2\xml-apis-1.0.b2.jar;C:\Users\niket.kumar\.m2\repository\org\hibernate\common\hibernate-commons-annotations\4.0.5.Final\hibernate-commons-annotations-4.0.5.Final.jar;C:\Users\niket.kumar\.m2\repository\org\hibernate\javax\persistence\hibernate-jpa-2.1-api\1.0.0.Final\hibernate-jpa-2.1-api-1.0.0.Final.jar;C:\Users\niket.kumar\.m2\repository\org\javassist\javassist\3.18.1-GA\javassist-3.18.1-GA.jar;C:\Users\niket.kumar\.m2\repository\antlr\antlr\2.7.7\antlr-2.7.7.jar;C:\Users\niket.kumar\.m2\repository\org\jboss\jandex\1.1.0.Final\jandex-1.1.0.Final.jar;C:\Users\niket.kumar\.m2\repository\junit\junit\4.11\junit-4.11.jar;C:\Users\niket.kumar\.m2\repository\org\hamcrest\hamcrest-core\1.3\hamcrest-core-1.3.jar;"/>
    <property name="java.vm.vendor" value="Oracle Corporation"/>
    <property name="sun.arch.data.model" value="64"/>
    <property name="user.variant" value=""/>
    <property name="java.vendor.url" value="http://java.oracle.com/"/>
    <property name="user.timezone" value=""/>
    <property name="java.vm.specification.version" value="1.8"/>
    <property name="os.name" value="Windows 10"/>
    <property name="user.country" value="IN"/>
    <property name="sun.java.launcher" value="SUN_STANDARD"/>
    <property name="sun.boot.library.path" value="C:\Niket\software\openlogic-openjdk-8u342-b07-windows-x64\openlogic-openjdk-8u342-b07-windows-64\jre\bin"/>
    <property name="sun.java.command" value="C:\Users\NIKET~1.KUM\AppData\Local\Temp\surefire6707583257878810503\surefirebooter3072938595298214082.jar C:\Users\niket.kumar\AppData\Local\Temp\surefire6707583257878810503 2023-12-18T19-06-41_910-jvmRun1 surefire6424640664680694352tmp surefire_03233802097977283178tmp"/>
    <property name="surefire.test.class.path" value="C:\Niket\learning\git_checkout\Hibernate_tutorial\MavenHibernate\target\test-classes;C:\Niket\learning\git_checkout\Hibernate_tutorial\MavenHibernate\target\classes;C:\Users\niket.kumar\.m2\repository\org\hibernate\hibernate-core\4.3.6.Final\hibernate-core-4.3.6.Final.jar;C:\Users\niket.kumar\.m2\repository\org\jboss\logging\jboss-logging\3.1.3.GA\jboss-logging-3.1.3.GA.jar;C:\Users\niket.kumar\.m2\repository\org\jboss\logging\jboss-logging-annotations\1.2.0.Beta1\jboss-logging-annotations-1.2.0.Beta1.jar;C:\Users\niket.kumar\.m2\repository\org\jboss\spec\javax\transaction\jboss-transaction-api_1.2_spec\1.0.0.Final\jboss-transaction-api_1.2_spec-1.0.0.Final.jar;C:\Users\niket.kumar\.m2\repository\dom4j\dom4j\1.6.1\dom4j-1.6.1.jar;C:\Users\niket.kumar\.m2\repository\xml-apis\xml-apis\1.0.b2\xml-apis-1.0.b2.jar;C:\Users\niket.kumar\.m2\repository\org\hibernate\common\hibernate-commons-annotations\4.0.5.Final\hibernate-commons-annotations-4.0.5.Final.jar;C:\Users\niket.kumar\.m2\repository\org\hibernate\javax\persistence\hibernate-jpa-2.1-api\1.0.0.Final\hibernate-jpa-2.1-api-1.0.0.Final.jar;C:\Users\niket.kumar\.m2\repository\org\javassist\javassist\3.18.1-GA\javassist-3.18.1-GA.jar;C:\Users\niket.kumar\.m2\repository\antlr\antlr\2.7.7\antlr-2.7.7.jar;C:\Users\niket.kumar\.m2\repository\org\jboss\jandex\1.1.0.Final\jandex-1.1.0.Final.jar;C:\Users\niket.kumar\.m2\repository\junit\junit\4.11\junit-4.11.jar;C:\Users\niket.kumar\.m2\repository\org\hamcrest\hamcrest-core\1.3\hamcrest-core-1.3.jar;"/>
    <property name="sun.cpu.endian" value="little"/>
    <property name="user.home" value="C:\Users\niket.kumar"/>
    <property name="user.language" value="en"/>
    <property name="java.specification.vendor" value="Oracle Corporation"/>
    <property name="java.home" value="C:\Niket\software\openlogic-openjdk-8u342-b07-windows-x64\openlogic-openjdk-8u342-b07-windows-64\jre"/>
    <property name="basedir" value="C:\Niket\learning\git_checkout\Hibernate_tutorial\MavenHibernate"/>
    <property name="file.separator" value="\"/>
    <property name="line.separator" value="&#10;"/>
    <property name="java.vm.specification.vendor" value="Oracle Corporation"/>
    <property name="java.specification.name" value="Java Platform API Specification"/>
    <property name="java.awt.graphicsenv" value="sun.awt.Win32GraphicsEnvironment"/>
    <property name="surefire.real.class.path" value="C:\Users\NIKET~1.KUM\AppData\Local\Temp\surefire6707583257878810503\surefirebooter3072938595298214082.jar"/>
    <property name="sun.boot.class.path" value="C:\Niket\software\openlogic-openjdk-8u342-b07-windows-x64\openlogic-openjdk-8u342-b07-windows-64\jre\lib\resources.jar;C:\Niket\software\openlogic-openjdk-8u342-b07-windows-x64\openlogic-openjdk-8u342-b07-windows-64\jre\lib\rt.jar;C:\Niket\software\openlogic-openjdk-8u342-b07-windows-x64\openlogic-openjdk-8u342-b07-windows-64\jre\lib\sunrsasign.jar;C:\Niket\software\openlogic-openjdk-8u342-b07-windows-x64\openlogic-openjdk-8u342-b07-windows-64\jre\lib\jsse.jar;C:\Niket\software\openlogic-openjdk-8u342-b07-windows-x64\openlogic-openjdk-8u342-b07-windows-64\jre\lib\jce.jar;C:\Niket\software\openlogic-openjdk-8u342-b07-windows-x64\openlogic-openjdk-8u342-b07-windows-64\jre\lib\charsets.jar;C:\Niket\software\openlogic-openjdk-8u342-b07-windows-x64\openlogic-openjdk-8u342-b07-windows-64\jre\lib\jfr.jar;C:\Niket\software\openlogic-openjdk-8u342-b07-windows-x64\openlogic-openjdk-8u342-b07-windows-64\jre\classes"/>
    <property name="user.script" value=""/>
    <property name="sun.management.compiler" value="HotSpot 64-Bit Tiered Compilers"/>
    <property name="java.runtime.version" value="1.8.0_342-342-b07"/>
    <property name="user.name" value="niket.kumar"/>
    <property name="path.separator" value=";"/>
    <property name="os.version" value="10.0"/>
    <property name="java.endorsed.dirs" value="C:\Niket\software\openlogic-openjdk-8u342-b07-windows-x64\openlogic-openjdk-8u342-b07-windows-64\jre\lib\endorsed"/>
    <property name="java.runtime.name" value="OpenJDK Runtime Environment"/>
    <property name="file.encoding" value="Cp1252"/>
    <property name="java.vm.name" value="OpenJDK 64-Bit Server VM"/>
    <property name="localRepository" value="C:\Users\niket.kumar\.m2\repository"/>
    <property name="java.vendor.url.bug" value="http://bugreport.sun.com/bugreport/"/>
    <property name="java.io.tmpdir" value="C:\Users\NIKET~1.KUM\AppData\Local\Temp\"/>
    <property name="java.version" value="1.8.0_342-342"/>
    <property name="user.dir" value="C:\Niket\learning\git_checkout\Hibernate_tutorial\MavenHibernate"/>
    <property name="os.arch" value="amd64"/>
    <property name="java.vm.specification.name" value="Java Virtual Machine Specification"/>
    <property name="java.awt.printerjob" value="sun.awt.windows.WPrinterJob"/>
    <property name="sun.os.patch.level" value=""/>
    <property name="java.library.path" value="C:\Niket\software\openlogic-openjdk-8u342-b07-windows-x64\openlogic-openjdk-8u342-b07-windows-64\jre\bin;C:\WINDOWS\Sun\Java\bin;C:\WINDOWS\system32;C:\WINDOWS;C:/Niket/software/eclipse-jee-2022-06-R-win32-x86_64/eclipse//plugins/org.eclipse.justj.openjdk.hotspot.jre.full.win32.x86_64_17.0.3.v20220515-1416/jre/bin/server;C:/Niket/software/eclipse-jee-2022-06-R-win32-x86_64/eclipse//plugins/org.eclipse.justj.openjdk.hotspot.jre.full.win32.x86_64_17.0.3.v20220515-1416/jre/bin;C:\WINDOWS\system32;C:\WINDOWS;C:\WINDOWS\System32\Wbem;C:\WINDOWS\System32\WindowsPowerShell\v1.0\;C:\WINDOWS\System32\OpenSSH\;C:\Program Files\dotnet\;C:\Users\niket.kumar\AppData\Local\Microsoft\WindowsApps;C:\Users\niket.kumar\AppData\Local\Programs\Git\cmd;C:\Niket\software\openlogic-openjdk-8u342-b07-windows-x64\openlogic-openjdk-8u342-b07-windows-64\bin;C:\Niket\software\node-v18.12.1-win-x64\node-v18.12.1-win-x64;;C:\Niket\software\eclipse-jee-2022-06-R-win32-x86_64\eclipse;;."/>
    <property name="java.vm.info" value="mixed mode"/>
    <property name="java.vendor" value="OpenLogic-OpenJDK"/>
    <property name="java.vm.version" value="25.342-b07"/>
    <property name="java.ext.dirs" value="C:\Niket\software\openlogic-openjdk-8u342-b07-windows-x64\openlogic-openjdk-8u342-b07-windows-64\jre\lib\ext;C:\WINDOWS\Sun\Java\lib\ext"/>
    <property name="sun.io.unicode.encoding" value="UnicodeLittle"/>
    <property name="java.class.version" value="52.0"/>
  </properties>
  <testcase name="shouldAnswerWithTrue" classname="com.nik.AppTest" time="0.002"/>
</testsuite>